{"E:\\IT_and_programing\\Frontend\\8.0_Homeworks\\Task-5.2\\js\\Bowman.js": {"path":"E:\\IT_and_programing\\Frontend\\8.0_Homeworks\\Task-5.2\\js\\Bowman.js","statementMap":{},"fnMap":{},"branchMap":{},"s":{},"f":{},"b":{},"_coverageSchema":"1a1c01bbd47fc00a2c39e90264f33305004495a9","hash":"01dcb50a25497b27a4e7ce1b2c4b2f87a028f550"}
,"E:\\IT_and_programing\\Frontend\\8.0_Homeworks\\Task-5.2\\js\\Character.js": {"path":"E:\\IT_and_programing\\Frontend\\8.0_Homeworks\\Task-5.2\\js\\Character.js","statementMap":{"0":{"start":{"line":3,"column":4},"end":{"line":7,"column":5}},"1":{"start":{"line":4,"column":6},"end":{"line":4,"column":23}},"2":{"start":{"line":6,"column":6},"end":{"line":6,"column":44}},"3":{"start":{"line":8,"column":4},"end":{"line":12,"column":5}},"4":{"start":{"line":9,"column":6},"end":{"line":9,"column":23}},"5":{"start":{"line":11,"column":6},"end":{"line":11,"column":44}},"6":{"start":{"line":13,"column":4},"end":{"line":13,"column":21}},"7":{"start":{"line":14,"column":4},"end":{"line":14,"column":25}},"8":{"start":{"line":15,"column":4},"end":{"line":15,"column":23}},"9":{"start":{"line":16,"column":4},"end":{"line":16,"column":25}},"10":{"start":{"line":17,"column":4},"end":{"line":17,"column":27}},"11":{"start":{"line":21,"column":4},"end":{"line":34,"column":5}},"12":{"start":{"line":22,"column":6},"end":{"line":22,"column":22}},"13":{"start":{"line":23,"column":6},"end":{"line":23,"column":25}},"14":{"start":{"line":24,"column":6},"end":{"line":24,"column":26}},"15":{"start":{"line":25,"column":6},"end":{"line":25,"column":24}},"16":{"start":{"line":26,"column":6},"end":{"line":33,"column":8}},"17":{"start":{"line":35,"column":4},"end":{"line":35,"column":42}},"18":{"start":{"line":39,"column":4},"end":{"line":43,"column":5}},"19":{"start":{"line":40,"column":6},"end":{"line":40,"column":55}},"20":{"start":{"line":42,"column":6},"end":{"line":42,"column":44}}},"fnMap":{"0":{"name":"(anonymous_0)","decl":{"start":{"line":2,"column":2},"end":{"line":2,"column":3}},"loc":{"start":{"line":2,"column":58},"end":{"line":18,"column":3}},"line":2},"1":{"name":"(anonymous_1)","decl":{"start":{"line":20,"column":2},"end":{"line":20,"column":3}},"loc":{"start":{"line":20,"column":12},"end":{"line":36,"column":3}},"line":20},"2":{"name":"(anonymous_2)","decl":{"start":{"line":38,"column":2},"end":{"line":38,"column":3}},"loc":{"start":{"line":38,"column":17},"end":{"line":44,"column":3}},"line":38}},"branchMap":{"0":{"loc":{"start":{"line":3,"column":4},"end":{"line":7,"column":5}},"type":"if","locations":[{"start":{"line":3,"column":4},"end":{"line":7,"column":5}},{"start":{"line":3,"column":4},"end":{"line":7,"column":5}}],"line":3},"1":{"loc":{"start":{"line":3,"column":8},"end":{"line":3,"column":73}},"type":"binary-expr","locations":[{"start":{"line":3,"column":8},"end":{"line":3,"column":32}},{"start":{"line":3,"column":36},"end":{"line":3,"column":52}},{"start":{"line":3,"column":56},"end":{"line":3,"column":73}}],"line":3},"2":{"loc":{"start":{"line":8,"column":4},"end":{"line":12,"column":5}},"type":"if","locations":[{"start":{"line":8,"column":4},"end":{"line":12,"column":5}},{"start":{"line":8,"column":4},"end":{"line":12,"column":5}}],"line":8},"3":{"loc":{"start":{"line":8,"column":8},"end":{"line":8,"column":135}},"type":"binary-expr","locations":[{"start":{"line":8,"column":8},"end":{"line":8,"column":25}},{"start":{"line":8,"column":29},"end":{"line":8,"column":49}},{"start":{"line":8,"column":53},"end":{"line":8,"column":72}},{"start":{"line":8,"column":76},"end":{"line":8,"column":93}},{"start":{"line":8,"column":97},"end":{"line":8,"column":114}},{"start":{"line":8,"column":118},"end":{"line":8,"column":135}}],"line":8},"4":{"loc":{"start":{"line":21,"column":4},"end":{"line":34,"column":5}},"type":"if","locations":[{"start":{"line":21,"column":4},"end":{"line":34,"column":5}},{"start":{"line":21,"column":4},"end":{"line":34,"column":5}}],"line":21},"5":{"loc":{"start":{"line":39,"column":4},"end":{"line":43,"column":5}},"type":"if","locations":[{"start":{"line":39,"column":4},"end":{"line":43,"column":5}},{"start":{"line":39,"column":4},"end":{"line":43,"column":5}}],"line":39}},"s":{"0":6,"1":6,"2":0,"3":6,"4":6,"5":0,"6":6,"7":6,"8":6,"9":6,"10":6,"11":6,"12":6,"13":6,"14":6,"15":6,"16":6,"17":0,"18":6,"19":6,"20":0},"f":{"0":6,"1":6,"2":6},"b":{"0":[6,0],"1":[6,6,6],"2":[6,0],"3":[6,5,4,3,2,1],"4":[6,0],"5":[6,0]},"_coverageSchema":"1a1c01bbd47fc00a2c39e90264f33305004495a9","hash":"e60a4b1e8ca76f3a95e9626e83776729d9d9e047"}
,"E:\\IT_and_programing\\Frontend\\8.0_Homeworks\\Task-5.2\\js\\Daemon.js": {"path":"E:\\IT_and_programing\\Frontend\\8.0_Homeworks\\Task-5.2\\js\\Daemon.js","statementMap":{},"fnMap":{},"branchMap":{},"s":{},"f":{},"b":{},"_coverageSchema":"1a1c01bbd47fc00a2c39e90264f33305004495a9","hash":"3762e22c65e30e7a0582f652dffcda70787df700"}
,"E:\\IT_and_programing\\Frontend\\8.0_Homeworks\\Task-5.2\\js\\Magician.js": {"path":"E:\\IT_and_programing\\Frontend\\8.0_Homeworks\\Task-5.2\\js\\Magician.js","statementMap":{},"fnMap":{},"branchMap":{},"s":{},"f":{},"b":{},"_coverageSchema":"1a1c01bbd47fc00a2c39e90264f33305004495a9","hash":"db5549a6366d753eeedd48dd310c53d8d0cec7e8"}
,"E:\\IT_and_programing\\Frontend\\8.0_Homeworks\\Task-5.2\\js\\Swordsman.js": {"path":"E:\\IT_and_programing\\Frontend\\8.0_Homeworks\\Task-5.2\\js\\Swordsman.js","statementMap":{},"fnMap":{},"branchMap":{},"s":{},"f":{},"b":{},"_coverageSchema":"1a1c01bbd47fc00a2c39e90264f33305004495a9","hash":"91fd50b7080507ab230a2e234424acfa8766311b"}
,"E:\\IT_and_programing\\Frontend\\8.0_Homeworks\\Task-5.2\\js\\Undead.js": {"path":"E:\\IT_and_programing\\Frontend\\8.0_Homeworks\\Task-5.2\\js\\Undead.js","statementMap":{},"fnMap":{},"branchMap":{},"s":{},"f":{},"b":{},"_coverageSchema":"1a1c01bbd47fc00a2c39e90264f33305004495a9","hash":"37e7984709adbb03ef558282f78812922ab496a8"}
,"E:\\IT_and_programing\\Frontend\\8.0_Homeworks\\Task-5.2\\js\\Zombie.js": {"path":"E:\\IT_and_programing\\Frontend\\8.0_Homeworks\\Task-5.2\\js\\Zombie.js","statementMap":{},"fnMap":{},"branchMap":{},"s":{},"f":{},"b":{},"_coverageSchema":"1a1c01bbd47fc00a2c39e90264f33305004495a9","hash":"16c8bc66e73ac7ff1cfc780adb037f217992bb9e"}
}
