TN:
SF:js\Bowman.js
FNF:0
FNH:0
LF:0
LH:0
BRF:0
BRH:0
end_of_record
TN:
SF:js\Character.js
FN:2,(anonymous_0)
FN:20,(anonymous_1)
FN:38,(anonymous_2)
FNF:3
FNH:3
FNDA:6,(anonymous_0)
FNDA:6,(anonymous_1)
FNDA:6,(anonymous_2)
DA:3,6
DA:4,6
DA:6,0
DA:8,6
DA:9,6
DA:11,0
DA:13,6
DA:14,6
DA:15,6
DA:16,6
DA:17,6
DA:21,6
DA:22,6
DA:23,6
DA:24,6
DA:25,6
DA:26,6
DA:35,0
DA:39,6
DA:40,6
DA:42,0
LF:21
LH:17
BRDA:3,0,0,6
BRDA:3,0,1,0
BRDA:3,1,0,6
BRDA:3,1,1,6
BRDA:3,1,2,6
BRDA:8,2,0,6
BRDA:8,2,1,0
BRDA:8,3,0,6
BRDA:8,3,1,5
BRDA:8,3,2,4
BRDA:8,3,3,3
BRDA:8,3,4,2
BRDA:8,3,5,1
BRDA:21,4,0,6
BRDA:21,4,1,0
BRDA:39,5,0,6
BRDA:39,5,1,0
BRF:17
BRH:13
end_of_record
TN:
SF:js\Daemon.js
FNF:0
FNH:0
LF:0
LH:0
BRF:0
BRH:0
end_of_record
TN:
SF:js\Magician.js
FNF:0
FNH:0
LF:0
LH:0
BRF:0
BRH:0
end_of_record
TN:
SF:js\Swordsman.js
FNF:0
FNH:0
LF:0
LH:0
BRF:0
BRH:0
end_of_record
TN:
SF:js\Undead.js
FNF:0
FNH:0
LF:0
LH:0
BRF:0
BRH:0
end_of_record
TN:
SF:js\Zombie.js
FNF:0
FNH:0
LF:0
LH:0
BRF:0
BRH:0
end_of_record
